<?xml version="1.0" encoding="UTF-8"?>
<!-- Generated by org.testng.reporters.JUnitXMLReporter -->
<testsuite ignored="4" hostname="BYOD-663311" failures="0" tests="3" name="Default test" time="45.588" errors="0" timestamp="2024-08-06T12:25:52 IST">
  <testcase classname="com.tutorialsninja.qa.testcases.LoginTest" name="VerifyUsingValid" time="1.291"/>
  <testcase classname="com.tutorialsninja.qa.testcases.LoginTest" name="VerifyUsingValid" time="1.417"/>
  <testcase classname="com.tutorialsninja.qa.testcases.LoginTest" name="VerifyUsingValid" time="1.52"/>
  <testcase classname="com.tutorialsninja.qa.testcases.LoginTest" name="VerifyUsignInvalidUsernameValidPassword" time="0.0">
    <ignored/>
  </testcase> <!-- VerifyUsignInvalidUsernameValidPassword -->
  <testcase classname="com.tutorialsninja.qa.testcases.LoginTest" name="VerifyUsingNoCredentials" time="0.0">
    <ignored/>
  </testcase> <!-- VerifyUsingNoCredentials -->
  <testcase classname="com.tutorialsninja.qa.testcases.LoginTest" name="VerifyUsingInvalid" time="0.0">
    <ignored/>
  </testcase> <!-- VerifyUsingInvalid -->
  <testcase classname="com.tutorialsninja.qa.testcases.LoginTest" name="VerifyUsingValidUsernameInvalidPassword" time="0.0">
    <ignored/>
  </testcase> <!-- VerifyUsingValidUsernameInvalidPassword -->
</testsuite> <!-- Default test -->
