<?xml version="1.0" encoding="UTF-8"?>
<!-- Generated by org.testng.reporters.JUnitXMLReporter -->
<testsuite ignored="0" hostname="BYOD-663311" failures="0" tests="13" name="Test" time="202.038" errors="0" timestamp="2024-08-05T12:08:17 IST">
  <testcase classname="com.tutorialsninja.qa.testcases.SearchTest" name="SearchWithExistingProduct" time="0.909"/>
  <testcase classname="com.tutorialsninja.qa.testcases.SearchTest" name="SearchWithNonExistingProduct" time="0.656"/>
  <testcase classname="com.tutorialsninja.qa.testcases.SearchTest" name="SearchWithoutAnyProductName" time="0.577"/>
  <testcase classname="com.tutorialsninja.qa.testcases.SearchTest" name="SearchingValidProductAfterLogin" time="5.011"/>
  <testcase classname="com.tutorialsninja.qa.testcases.RegisterTest" name="RegisterByOnlyMandatoryField" time="3.22"/>
  <testcase classname="com.tutorialsninja.qa.testcases.RegisterTest" name="RegisterByAllFields" time="11.985"/>
  <testcase classname="com.tutorialsninja.qa.testcases.RegisterTest" name="RegisterWithSameDetails" time="1.532"/>
  <testcase classname="com.tutorialsninja.qa.testcases.RegisterTest" name="RegisterWithNoDetails" time="1.592"/>
  <testcase classname="com.tutorialsninja.qa.testcases.LoginTest" name="VerifyUsingValid" time="1.285"/>
  <testcase classname="com.tutorialsninja.qa.testcases.LoginTest" name="VerifyUsingInvalid" time="1.124"/>
  <testcase classname="com.tutorialsninja.qa.testcases.LoginTest" name="VerifyUsingValidUsernameInvalidPassword" time="1.201"/>
  <testcase classname="com.tutorialsninja.qa.testcases.LoginTest" name="VerifyUsignInvalidUsernameValidPassword" time="1.031"/>
  <testcase classname="com.tutorialsninja.qa.testcases.LoginTest" name="VerifyUsingNoCredentials" time="1.045"/>
</testsuite> <!-- Test -->
