<?xml version="1.0" encoding="UTF-8"?>
<testng-results ignored="0" total="3" passed="3" failed="0" skipped="0">
  <reporter-output>
  </reporter-output>
  <suite started-at="2024-08-06T12:25:06 IST" name="Default suite" finished-at="2024-08-06T12:25:52 IST" duration-ms="45588">
    <groups>
    </groups>
    <test started-at="2024-08-06T12:25:06 IST" name="Default test" finished-at="2024-08-06T12:25:52 IST" duration-ms="45588">
      <class name="com.tutorialsninja.qa.testcases.LoginTest">
        <test-method is-config="true" signature="setup()[pri:0, instance:com.tutorialsninja.qa.testcases.LoginTest@71d44a3]" started-at="2024-08-06T12:25:09 IST" name="setup" finished-at="2024-08-06T12:25:22 IST" duration-ms="12700" status="PASS">
          <reporter-output>
          </reporter-output>
        </test-method> <!-- setup -->
        <test-method signature="VerifyUsingValid(java.lang.String,java.lang.String)[pri:1, instance:com.tutorialsninja.qa.testcases.LoginTest@71d44a3]" started-at="2024-08-06T12:25:22 IST" name="VerifyUsingValid" data-provider="dp" finished-at="2024-08-06T12:25:23 IST" duration-ms="1291" status="PASS">
          <params>
            <param index="0">
              <value>
                <![CDATA[amotooricap9@gmail.com]]>
              </value>
            </param>
            <param index="1">
              <value>
                <![CDATA[12345]]>
              </value>
            </param>
          </params>
          <reporter-output>
          </reporter-output>
        </test-method> <!-- VerifyUsingValid -->
        <test-method is-config="true" signature="teardown()[pri:0, instance:com.tutorialsninja.qa.testcases.LoginTest@71d44a3]" started-at="2024-08-06T12:25:23 IST" name="teardown" finished-at="2024-08-06T12:25:24 IST" duration-ms="1531" status="PASS">
          <reporter-output>
          </reporter-output>
        </test-method> <!-- teardown -->
        <test-method is-config="true" signature="setup()[pri:0, instance:com.tutorialsninja.qa.testcases.LoginTest@71d44a3]" started-at="2024-08-06T12:25:24 IST" name="setup" finished-at="2024-08-06T12:25:36 IST" duration-ms="11888" status="PASS">
          <reporter-output>
          </reporter-output>
        </test-method> <!-- setup -->
        <test-method signature="VerifyUsingValid(java.lang.String,java.lang.String)[pri:1, instance:com.tutorialsninja.qa.testcases.LoginTest@71d44a3]" started-at="2024-08-06T12:25:36 IST" name="VerifyUsingValid" data-provider="dp" finished-at="2024-08-06T12:25:38 IST" duration-ms="1417" status="PASS">
          <params>
            <param index="0">
              <value>
                <![CDATA[amotooricap1@gmail.com]]>
              </value>
            </param>
            <param index="1">
              <value>
                <![CDATA[12345]]>
              </value>
            </param>
          </params>
          <reporter-output>
          </reporter-output>
        </test-method> <!-- VerifyUsingValid -->
        <test-method is-config="true" signature="teardown()[pri:0, instance:com.tutorialsninja.qa.testcases.LoginTest@71d44a3]" started-at="2024-08-06T12:25:38 IST" name="teardown" finished-at="2024-08-06T12:25:39 IST" duration-ms="1492" status="PASS">
          <reporter-output>
          </reporter-output>
        </test-method> <!-- teardown -->
        <test-method is-config="true" signature="setup()[pri:0, instance:com.tutorialsninja.qa.testcases.LoginTest@71d44a3]" started-at="2024-08-06T12:25:39 IST" name="setup" finished-at="2024-08-06T12:25:49 IST" duration-ms="9829" status="PASS">
          <reporter-output>
          </reporter-output>
        </test-method> <!-- setup -->
        <test-method signature="VerifyUsingValid(java.lang.String,java.lang.String)[pri:1, instance:com.tutorialsninja.qa.testcases.LoginTest@71d44a3]" started-at="2024-08-06T12:25:49 IST" name="VerifyUsingValid" data-provider="dp" finished-at="2024-08-06T12:25:51 IST" duration-ms="1520" status="PASS">
          <params>
            <param index="0">
              <value>
                <![CDATA[amotooricap3@gmail.com]]>
              </value>
            </param>
            <param index="1">
              <value>
                <![CDATA[12345]]>
              </value>
            </param>
          </params>
          <reporter-output>
          </reporter-output>
        </test-method> <!-- VerifyUsingValid -->
        <test-method is-config="true" signature="teardown()[pri:0, instance:com.tutorialsninja.qa.testcases.LoginTest@71d44a3]" started-at="2024-08-06T12:25:51 IST" name="teardown" finished-at="2024-08-06T12:25:52 IST" duration-ms="1416" status="PASS">
          <reporter-output>
          </reporter-output>
        </test-method> <!-- teardown -->
      </class> <!-- com.tutorialsninja.qa.testcases.LoginTest -->
    </test> <!-- Default test -->
  </suite> <!-- Default suite -->
</testng-results>
