<?xml version="1.0" encoding="UTF-8"?>
<testng-results ignored="0" total="20" passed="18" failed="1" skipped="1">
  <reporter-output>
  </reporter-output>
  <suite started-at="2024-08-18T20:13:48 IST" name="Suite" finished-at="2024-08-18T20:19:08 IST" duration-ms="319843">
    <groups>
    </groups>
    <test started-at="2024-08-18T20:13:48 IST" name="Test" finished-at="2024-08-18T20:19:08 IST" duration-ms="319843">
      <class name="com.tutorialsninja.qa.testcases.AddToCartTest">
        <test-method is-config="true" signature="setup()[pri:0, instance:com.tutorialsninja.qa.testcases.AddToCartTest@7eac9008]" started-at="2024-08-18T20:18:15 IST" name="setup" finished-at="2024-08-18T20:18:26 IST" duration-ms="10635" status="PASS">
          <reporter-output>
          </reporter-output>
        </test-method> <!-- setup -->
        <test-method signature="ValidateAddToCartProductDisplayPage()[pri:1, instance:com.tutorialsninja.qa.testcases.AddToCartTest@7eac9008]" started-at="2024-08-18T20:18:26 IST" name="ValidateAddToCartProductDisplayPage" finished-at="2024-08-18T20:18:29 IST" duration-ms="3164" status="PASS">
          <reporter-output>
          </reporter-output>
        </test-method> <!-- ValidateAddToCartProductDisplayPage -->
        <test-method is-config="true" signature="tearup()[pri:0, instance:com.tutorialsninja.qa.testcases.AddToCartTest@7eac9008]" started-at="2024-08-18T20:18:29 IST" name="tearup" finished-at="2024-08-18T20:18:30 IST" duration-ms="1512" status="PASS">
          <reporter-output>
          </reporter-output>
        </test-method> <!-- tearup -->
        <test-method is-config="true" signature="setup()[pri:0, instance:com.tutorialsninja.qa.testcases.AddToCartTest@7eac9008]" started-at="2024-08-18T20:18:30 IST" name="setup" finished-at="2024-08-18T20:18:45 IST" duration-ms="15040" status="PASS">
          <reporter-output>
          </reporter-output>
        </test-method> <!-- setup -->
        <test-method signature="ValidateAddToCartSearchResultPage()[pri:2, instance:com.tutorialsninja.qa.testcases.AddToCartTest@7eac9008]" started-at="2024-08-18T20:18:45 IST" name="ValidateAddToCartSearchResultPage" finished-at="2024-08-18T20:18:49 IST" duration-ms="3345" status="PASS">
          <reporter-output>
          </reporter-output>
        </test-method> <!-- ValidateAddToCartSearchResultPage -->
        <test-method is-config="true" signature="tearup()[pri:0, instance:com.tutorialsninja.qa.testcases.AddToCartTest@7eac9008]" started-at="2024-08-18T20:18:49 IST" name="tearup" finished-at="2024-08-18T20:18:50 IST" duration-ms="1681" status="PASS">
          <reporter-output>
          </reporter-output>
        </test-method> <!-- tearup -->
        <test-method is-config="true" signature="setup()[pri:0, instance:com.tutorialsninja.qa.testcases.AddToCartTest@7eac9008]" started-at="2024-08-18T20:18:50 IST" name="setup" finished-at="2024-08-18T20:19:04 IST" duration-ms="13681" status="PASS">
          <reporter-output>
          </reporter-output>
        </test-method> <!-- setup -->
        <test-method signature="ValidateAddToCartFeaturedItem()[pri:3, instance:com.tutorialsninja.qa.testcases.AddToCartTest@7eac9008]" started-at="2024-08-18T20:19:04 IST" name="ValidateAddToCartFeaturedItem" finished-at="2024-08-18T20:19:06 IST" duration-ms="1957" status="PASS">
          <reporter-output>
          </reporter-output>
        </test-method> <!-- ValidateAddToCartFeaturedItem -->
        <test-method is-config="true" signature="tearup()[pri:0, instance:com.tutorialsninja.qa.testcases.AddToCartTest@7eac9008]" started-at="2024-08-18T20:19:06 IST" name="tearup" finished-at="2024-08-18T20:19:08 IST" duration-ms="1475" status="PASS">
          <reporter-output>
          </reporter-output>
        </test-method> <!-- tearup -->
      </class> <!-- com.tutorialsninja.qa.testcases.AddToCartTest -->
      <class name="com.tutorialsninja.qa.testcases.RegisterTest">
        <test-method is-config="true" signature="setup()[pri:0, instance:com.tutorialsninja.qa.testcases.RegisterTest@3cd3e762]" started-at="2024-08-18T20:15:07 IST" name="setup" finished-at="2024-08-18T20:15:19 IST" duration-ms="11743" status="PASS">
          <reporter-output>
          </reporter-output>
        </test-method> <!-- setup -->
        <test-method signature="RegisterByOnlyMandatoryField()[pri:1, instance:com.tutorialsninja.qa.testcases.RegisterTest@3cd3e762]" started-at="2024-08-18T20:15:19 IST" name="RegisterByOnlyMandatoryField" finished-at="2024-08-18T20:15:22 IST" duration-ms="3287" status="PASS">
          <reporter-output>
          </reporter-output>
        </test-method> <!-- RegisterByOnlyMandatoryField -->
        <test-method is-config="true" signature="teardown()[pri:0, instance:com.tutorialsninja.qa.testcases.RegisterTest@3cd3e762]" started-at="2024-08-18T20:15:22 IST" name="teardown" finished-at="2024-08-18T20:15:24 IST" duration-ms="1515" status="PASS">
          <reporter-output>
          </reporter-output>
        </test-method> <!-- teardown -->
        <test-method is-config="true" signature="setup()[pri:0, instance:com.tutorialsninja.qa.testcases.RegisterTest@3cd3e762]" started-at="2024-08-18T20:15:24 IST" name="setup" finished-at="2024-08-18T20:15:38 IST" duration-ms="14021" status="PASS">
          <reporter-output>
          </reporter-output>
        </test-method> <!-- setup -->
        <test-method signature="RegisterByAllFields()[pri:2, instance:com.tutorialsninja.qa.testcases.RegisterTest@3cd3e762]" started-at="2024-08-18T20:15:38 IST" name="RegisterByAllFields" finished-at="2024-08-18T20:15:50 IST" duration-ms="12033" status="PASS">
          <reporter-output>
          </reporter-output>
        </test-method> <!-- RegisterByAllFields -->
        <test-method is-config="true" signature="teardown()[pri:0, instance:com.tutorialsninja.qa.testcases.RegisterTest@3cd3e762]" started-at="2024-08-18T20:15:50 IST" name="teardown" finished-at="2024-08-18T20:15:51 IST" duration-ms="1583" status="PASS">
          <reporter-output>
          </reporter-output>
        </test-method> <!-- teardown -->
        <test-method is-config="true" signature="setup()[pri:0, instance:com.tutorialsninja.qa.testcases.RegisterTest@3cd3e762]" started-at="2024-08-18T20:15:51 IST" name="setup" finished-at="2024-08-18T20:16:02 IST" duration-ms="10823" status="PASS">
          <reporter-output>
          </reporter-output>
        </test-method> <!-- setup -->
        <test-method signature="RegisterWithSameDetails()[pri:3, instance:com.tutorialsninja.qa.testcases.RegisterTest@3cd3e762]" started-at="2024-08-18T20:16:02 IST" name="RegisterWithSameDetails" finished-at="2024-08-18T20:16:04 IST" duration-ms="1873" status="PASS">
          <reporter-output>
          </reporter-output>
        </test-method> <!-- RegisterWithSameDetails -->
        <test-method is-config="true" signature="teardown()[pri:0, instance:com.tutorialsninja.qa.testcases.RegisterTest@3cd3e762]" started-at="2024-08-18T20:16:04 IST" name="teardown" finished-at="2024-08-18T20:16:06 IST" duration-ms="1735" status="PASS">
          <reporter-output>
          </reporter-output>
        </test-method> <!-- teardown -->
        <test-method is-config="true" signature="setup()[pri:0, instance:com.tutorialsninja.qa.testcases.RegisterTest@3cd3e762]" started-at="2024-08-18T20:16:06 IST" name="setup" finished-at="2024-08-18T20:16:20 IST" duration-ms="13696" status="PASS">
          <reporter-output>
          </reporter-output>
        </test-method> <!-- setup -->
        <test-method signature="RegisterWithNoDetails()[pri:4, instance:com.tutorialsninja.qa.testcases.RegisterTest@3cd3e762]" started-at="2024-08-18T20:16:20 IST" name="RegisterWithNoDetails" finished-at="2024-08-18T20:16:21 IST" duration-ms="1501" status="PASS">
          <reporter-output>
          </reporter-output>
        </test-method> <!-- RegisterWithNoDetails -->
        <test-method is-config="true" signature="teardown()[pri:0, instance:com.tutorialsninja.qa.testcases.RegisterTest@3cd3e762]" started-at="2024-08-18T20:16:21 IST" name="teardown" finished-at="2024-08-18T20:16:23 IST" duration-ms="1622" status="PASS">
          <reporter-output>
          </reporter-output>
        </test-method> <!-- teardown -->
      </class> <!-- com.tutorialsninja.qa.testcases.RegisterTest -->
      <class name="com.tutorialsninja.qa.testcases.LoginTest">
        <test-method is-config="true" signature="setup()[pri:0, instance:com.tutorialsninja.qa.testcases.LoginTest@1fa121e2]" started-at="2024-08-18T20:16:27 IST" name="setup" finished-at="2024-08-18T20:16:40 IST" duration-ms="13413" status="PASS">
          <reporter-output>
          </reporter-output>
        </test-method> <!-- setup -->
        <test-method signature="VerifyUsingValid(java.lang.String,java.lang.String)[pri:1, instance:com.tutorialsninja.qa.testcases.LoginTest@1fa121e2]" started-at="2024-08-18T20:16:40 IST" name="VerifyUsingValid" data-provider="dp" finished-at="2024-08-18T20:16:42 IST" duration-ms="1379" status="PASS">
          <params>
            <param index="0">
              <value>
                <![CDATA[amotooricap9@gmail.com]]>
              </value>
            </param>
            <param index="1">
              <value>
                <![CDATA[12345]]>
              </value>
            </param>
          </params>
          <reporter-output>
          </reporter-output>
        </test-method> <!-- VerifyUsingValid -->
        <test-method is-config="true" signature="teardown()[pri:0, instance:com.tutorialsninja.qa.testcases.LoginTest@1fa121e2]" started-at="2024-08-18T20:16:42 IST" name="teardown" finished-at="2024-08-18T20:16:43 IST" duration-ms="1393" status="PASS">
          <reporter-output>
          </reporter-output>
        </test-method> <!-- teardown -->
        <test-method is-config="true" signature="setup()[pri:0, instance:com.tutorialsninja.qa.testcases.LoginTest@1fa121e2]" started-at="2024-08-18T20:16:43 IST" name="setup" finished-at="2024-08-18T20:16:55 IST" duration-ms="11778" status="PASS">
          <reporter-output>
          </reporter-output>
        </test-method> <!-- setup -->
        <test-method signature="VerifyUsingValid(java.lang.String,java.lang.String)[pri:1, instance:com.tutorialsninja.qa.testcases.LoginTest@1fa121e2]" started-at="2024-08-18T20:16:55 IST" name="VerifyUsingValid" data-provider="dp" finished-at="2024-08-18T20:16:56 IST" duration-ms="1181" status="PASS">
          <params>
            <param index="0">
              <value>
                <![CDATA[amotooricap1@gmail.com]]>
              </value>
            </param>
            <param index="1">
              <value>
                <![CDATA[12345]]>
              </value>
            </param>
          </params>
          <reporter-output>
          </reporter-output>
        </test-method> <!-- VerifyUsingValid -->
        <test-method is-config="true" signature="teardown()[pri:0, instance:com.tutorialsninja.qa.testcases.LoginTest@1fa121e2]" started-at="2024-08-18T20:16:56 IST" name="teardown" finished-at="2024-08-18T20:16:58 IST" duration-ms="1358" status="PASS">
          <reporter-output>
          </reporter-output>
        </test-method> <!-- teardown -->
        <test-method is-config="true" signature="setup()[pri:0, instance:com.tutorialsninja.qa.testcases.LoginTest@1fa121e2]" started-at="2024-08-18T20:16:58 IST" name="setup" finished-at="2024-08-18T20:17:10 IST" duration-ms="12446" status="PASS">
          <reporter-output>
          </reporter-output>
        </test-method> <!-- setup -->
        <test-method signature="VerifyUsingValid(java.lang.String,java.lang.String)[pri:1, instance:com.tutorialsninja.qa.testcases.LoginTest@1fa121e2]" started-at="2024-08-18T20:17:10 IST" name="VerifyUsingValid" data-provider="dp" finished-at="2024-08-18T20:17:11 IST" duration-ms="1409" status="PASS">
          <params>
            <param index="0">
              <value>
                <![CDATA[amotooricap3@gmail.com]]>
              </value>
            </param>
            <param index="1">
              <value>
                <![CDATA[12345]]>
              </value>
            </param>
          </params>
          <reporter-output>
          </reporter-output>
        </test-method> <!-- VerifyUsingValid -->
        <test-method is-config="true" signature="teardown()[pri:0, instance:com.tutorialsninja.qa.testcases.LoginTest@1fa121e2]" started-at="2024-08-18T20:17:11 IST" name="teardown" finished-at="2024-08-18T20:17:13 IST" duration-ms="1381" status="PASS">
          <reporter-output>
          </reporter-output>
        </test-method> <!-- teardown -->
        <test-method is-config="true" signature="setup()[pri:0, instance:com.tutorialsninja.qa.testcases.LoginTest@1fa121e2]" started-at="2024-08-18T20:17:13 IST" name="setup" finished-at="2024-08-18T20:17:26 IST" duration-ms="13422" status="PASS">
          <reporter-output>
          </reporter-output>
        </test-method> <!-- setup -->
        <test-method signature="VerifyUsingInvalid()[pri:2, instance:com.tutorialsninja.qa.testcases.LoginTest@1fa121e2]" started-at="2024-08-18T20:17:26 IST" name="VerifyUsingInvalid" finished-at="2024-08-18T20:17:27 IST" duration-ms="1078" status="PASS">
          <reporter-output>
          </reporter-output>
        </test-method> <!-- VerifyUsingInvalid -->
        <test-method is-config="true" signature="teardown()[pri:0, instance:com.tutorialsninja.qa.testcases.LoginTest@1fa121e2]" started-at="2024-08-18T20:17:27 IST" name="teardown" finished-at="2024-08-18T20:17:29 IST" duration-ms="1466" status="PASS">
          <reporter-output>
          </reporter-output>
        </test-method> <!-- teardown -->
        <test-method is-config="true" signature="setup()[pri:0, instance:com.tutorialsninja.qa.testcases.LoginTest@1fa121e2]" started-at="2024-08-18T20:17:29 IST" name="setup" finished-at="2024-08-18T20:17:45 IST" duration-ms="15985" status="PASS">
          <reporter-output>
          </reporter-output>
        </test-method> <!-- setup -->
        <test-method signature="VerifyUsingValidUsernameInvalidPassword()[pri:3, instance:com.tutorialsninja.qa.testcases.LoginTest@1fa121e2]" started-at="2024-08-18T20:17:45 IST" name="VerifyUsingValidUsernameInvalidPassword" finished-at="2024-08-18T20:17:46 IST" duration-ms="987" status="PASS">
          <reporter-output>
          </reporter-output>
        </test-method> <!-- VerifyUsingValidUsernameInvalidPassword -->
        <test-method is-config="true" signature="teardown()[pri:0, instance:com.tutorialsninja.qa.testcases.LoginTest@1fa121e2]" started-at="2024-08-18T20:17:46 IST" name="teardown" finished-at="2024-08-18T20:17:47 IST" duration-ms="1386" status="PASS">
          <reporter-output>
          </reporter-output>
        </test-method> <!-- teardown -->
        <test-method is-config="true" signature="setup()[pri:0, instance:com.tutorialsninja.qa.testcases.LoginTest@1fa121e2]" started-at="2024-08-18T20:17:47 IST" name="setup" finished-at="2024-08-18T20:17:58 IST" duration-ms="10959" status="PASS">
          <reporter-output>
          </reporter-output>
        </test-method> <!-- setup -->
        <test-method signature="VerifyUsignInvalidUsernameValidPassword()[pri:4, instance:com.tutorialsninja.qa.testcases.LoginTest@1fa121e2]" started-at="2024-08-18T20:17:58 IST" name="VerifyUsignInvalidUsernameValidPassword" finished-at="2024-08-18T20:17:59 IST" duration-ms="1048" status="PASS">
          <reporter-output>
          </reporter-output>
        </test-method> <!-- VerifyUsignInvalidUsernameValidPassword -->
        <test-method is-config="true" signature="teardown()[pri:0, instance:com.tutorialsninja.qa.testcases.LoginTest@1fa121e2]" started-at="2024-08-18T20:17:59 IST" name="teardown" finished-at="2024-08-18T20:18:01 IST" duration-ms="1362" status="PASS">
          <reporter-output>
          </reporter-output>
        </test-method> <!-- teardown -->
        <test-method is-config="true" signature="setup()[pri:0, instance:com.tutorialsninja.qa.testcases.LoginTest@1fa121e2]" started-at="2024-08-18T20:18:01 IST" name="setup" finished-at="2024-08-18T20:18:13 IST" duration-ms="12269" status="PASS">
          <reporter-output>
          </reporter-output>
        </test-method> <!-- setup -->
        <test-method signature="VerifyUsingNoCredentials()[pri:5, instance:com.tutorialsninja.qa.testcases.LoginTest@1fa121e2]" started-at="2024-08-18T20:18:13 IST" name="VerifyUsingNoCredentials" finished-at="2024-08-18T20:18:14 IST" duration-ms="772" status="PASS">
          <reporter-output>
          </reporter-output>
        </test-method> <!-- VerifyUsingNoCredentials -->
        <test-method is-config="true" signature="teardown()[pri:0, instance:com.tutorialsninja.qa.testcases.LoginTest@1fa121e2]" started-at="2024-08-18T20:18:14 IST" name="teardown" finished-at="2024-08-18T20:18:15 IST" duration-ms="1495" status="PASS">
          <reporter-output>
          </reporter-output>
        </test-method> <!-- teardown -->
      </class> <!-- com.tutorialsninja.qa.testcases.LoginTest -->
      <class name="com.tutorialsninja.qa.testcases.SearchTest">
        <test-method is-config="true" signature="Setup()[pri:0, instance:com.tutorialsninja.qa.testcases.SearchTest@13c9d689]" started-at="2024-08-18T20:13:49 IST" name="Setup" finished-at="2024-08-18T20:14:02 IST" duration-ms="13348" status="PASS">
          <reporter-output>
          </reporter-output>
        </test-method> <!-- Setup -->
        <test-method signature="SearchWithExistingProduct()[pri:1, instance:com.tutorialsninja.qa.testcases.SearchTest@13c9d689]" started-at="2024-08-18T20:14:02 IST" name="SearchWithExistingProduct" finished-at="2024-08-18T20:14:03 IST" duration-ms="972" status="PASS">
          <reporter-output>
          </reporter-output>
        </test-method> <!-- SearchWithExistingProduct -->
        <test-method is-config="true" signature="teardown()[pri:0, instance:com.tutorialsninja.qa.testcases.SearchTest@13c9d689]" started-at="2024-08-18T20:14:03 IST" name="teardown" finished-at="2024-08-18T20:14:04 IST" duration-ms="1446" status="PASS">
          <reporter-output>
          </reporter-output>
        </test-method> <!-- teardown -->
        <test-method is-config="true" signature="Setup()[pri:0, instance:com.tutorialsninja.qa.testcases.SearchTest@13c9d689]" started-at="2024-08-18T20:14:04 IST" name="Setup" finished-at="2024-08-18T20:14:18 IST" duration-ms="13299" status="PASS">
          <reporter-output>
          </reporter-output>
        </test-method> <!-- Setup -->
        <test-method signature="SearchWithNonExistingProduct()[pri:2, instance:com.tutorialsninja.qa.testcases.SearchTest@13c9d689]" started-at="2024-08-18T20:14:18 IST" name="SearchWithNonExistingProduct" finished-at="2024-08-18T20:14:18 IST" duration-ms="771" status="PASS">
          <reporter-output>
          </reporter-output>
        </test-method> <!-- SearchWithNonExistingProduct -->
        <test-method is-config="true" signature="teardown()[pri:0, instance:com.tutorialsninja.qa.testcases.SearchTest@13c9d689]" started-at="2024-08-18T20:14:18 IST" name="teardown" finished-at="2024-08-18T20:14:20 IST" duration-ms="1490" status="PASS">
          <reporter-output>
          </reporter-output>
        </test-method> <!-- teardown -->
        <test-method is-config="true" signature="Setup()[pri:0, instance:com.tutorialsninja.qa.testcases.SearchTest@13c9d689]" started-at="2024-08-18T20:14:20 IST" name="Setup" finished-at="2024-08-18T20:14:29 IST" duration-ms="9261" status="PASS">
          <reporter-output>
          </reporter-output>
        </test-method> <!-- Setup -->
        <test-method signature="SearchWithoutAnyProductName()[pri:3, instance:com.tutorialsninja.qa.testcases.SearchTest@13c9d689]" started-at="2024-08-18T20:14:29 IST" name="SearchWithoutAnyProductName" finished-at="2024-08-18T20:14:33 IST" duration-ms="3988" status="PASS">
          <reporter-output>
          </reporter-output>
        </test-method> <!-- SearchWithoutAnyProductName -->
        <test-method is-config="true" signature="teardown()[pri:0, instance:com.tutorialsninja.qa.testcases.SearchTest@13c9d689]" started-at="2024-08-18T20:14:33 IST" name="teardown" finished-at="2024-08-18T20:14:35 IST" duration-ms="1701" status="PASS">
          <reporter-output>
          </reporter-output>
        </test-method> <!-- teardown -->
        <test-method is-config="true" signature="Setup()[pri:0, instance:com.tutorialsninja.qa.testcases.SearchTest@13c9d689]" started-at="2024-08-18T20:14:35 IST" name="Setup" finished-at="2024-08-18T20:14:48 IST" duration-ms="12834" status="PASS">
          <reporter-output>
          </reporter-output>
        </test-method> <!-- Setup -->
        <test-method signature="SearchingValidProductAfterLogin()[pri:4, instance:com.tutorialsninja.qa.testcases.SearchTest@13c9d689]" started-at="2024-08-18T20:14:48 IST" name="SearchingValidProductAfterLogin" finished-at="2024-08-18T20:14:52 IST" duration-ms="4677" status="PASS">
          <reporter-output>
          </reporter-output>
        </test-method> <!-- SearchingValidProductAfterLogin -->
        <test-method is-config="true" signature="teardown()[pri:0, instance:com.tutorialsninja.qa.testcases.SearchTest@13c9d689]" started-at="2024-08-18T20:14:52 IST" name="teardown" finished-at="2024-08-18T20:14:54 IST" duration-ms="1499" status="PASS">
          <reporter-output>
          </reporter-output>
        </test-method> <!-- teardown -->
        <test-method is-config="true" signature="Setup()[pri:0, instance:com.tutorialsninja.qa.testcases.SearchTest@13c9d689]" started-at="2024-08-18T20:14:54 IST" name="Setup" finished-at="2024-08-18T20:15:05 IST" duration-ms="11229" status="PASS">
          <reporter-output>
          </reporter-output>
        </test-method> <!-- Setup -->
        <test-method signature="AimtoFailTest()[pri:5, instance:com.tutorialsninja.qa.testcases.SearchTest@13c9d689]" started-at="2024-08-18T20:15:05 IST" name="AimtoFailTest" finished-at="2024-08-18T20:15:06 IST" duration-ms="514" status="FAIL">
          <exception class="java.lang.AssertionError">
            <message>
              <![CDATA[expected [false] but found [true]]]>
            </message>
            <full-stacktrace>
              <![CDATA[java.lang.AssertionError: expected [false] but found [true]
at org.testng.Assert.fail(Assert.java:111)
at org.testng.Assert.failNotEquals(Assert.java:1578)
at org.testng.Assert.assertFalse(Assert.java:79)
at org.testng.Assert.assertFalse(Assert.java:89)
at com.tutorialsninja.qa.testcases.SearchTest.AimtoFailTest(SearchTest.java:80)
at java.base/jdk.internal.reflect.DirectMethodHandleAccessor.invoke(DirectMethodHandleAccessor.java:103)
at java.base/java.lang.reflect.Method.invoke(Method.java:580)
at org.testng.internal.invokers.MethodInvocationHelper.invokeMethod(MethodInvocationHelper.java:141)
at org.testng.internal.invokers.TestInvoker.invokeMethod(TestInvoker.java:686)
at org.testng.internal.invokers.TestInvoker.invokeTestMethod(TestInvoker.java:230)
at org.testng.internal.invokers.MethodRunner.runInSequence(MethodRunner.java:63)
at org.testng.internal.invokers.TestInvoker$MethodInvocationAgent.invoke(TestInvoker.java:992)
at org.testng.internal.invokers.TestInvoker.invokeTestMethods(TestInvoker.java:203)
at org.testng.internal.invokers.TestMethodWorker.invokeTestMethods(TestMethodWorker.java:154)
at org.testng.internal.invokers.TestMethodWorker.run(TestMethodWorker.java:134)
at java.base/java.util.ArrayList.forEach(ArrayList.java:1596)
at org.testng.TestRunner.privateRun(TestRunner.java:739)
at org.testng.TestRunner.run(TestRunner.java:614)
at org.testng.SuiteRunner.runTest(SuiteRunner.java:421)
at org.testng.SuiteRunner.runSequentially(SuiteRunner.java:413)
at org.testng.SuiteRunner.privateRun(SuiteRunner.java:373)
at org.testng.SuiteRunner.run(SuiteRunner.java:312)
at org.testng.SuiteRunnerWorker.runSuite(SuiteRunnerWorker.java:52)
at org.testng.SuiteRunnerWorker.run(SuiteRunnerWorker.java:95)
at org.testng.TestNG.runSuitesSequentially(TestNG.java:1274)
at org.testng.TestNG.runSuitesLocally(TestNG.java:1208)
at org.testng.TestNG.runSuites(TestNG.java:1112)
at org.testng.TestNG.run(TestNG.java:1079)
at org.testng.remote.AbstractRemoteTestNG.run(AbstractRemoteTestNG.java:115)
at org.testng.remote.RemoteTestNG.initAndRun(RemoteTestNG.java:293)
at org.testng.remote.RemoteTestNG.main(RemoteTestNG.java:91)
]]>
            </full-stacktrace>
          </exception> <!-- java.lang.AssertionError -->
          <reporter-output>
          </reporter-output>
        </test-method> <!-- AimtoFailTest -->
        <test-method is-config="true" signature="teardown()[pri:0, instance:com.tutorialsninja.qa.testcases.SearchTest@13c9d689]" started-at="2024-08-18T20:15:06 IST" name="teardown" finished-at="2024-08-18T20:15:07 IST" duration-ms="1389" status="PASS">
          <reporter-output>
          </reporter-output>
        </test-method> <!-- teardown -->
        <test-method signature="AimtoSkip()[pri:6, instance:com.tutorialsninja.qa.testcases.SearchTest@13c9d689]" started-at="2024-08-18T20:15:07 IST" name="AimtoSkip" finished-at="2024-08-18T20:15:07 IST" depends-on-methods="com.tutorialsninja.qa.testcases.SearchTest.AimtoFailTest" duration-ms="0" status="SKIP">
          <exception class="java.lang.Throwable">
            <message>
              <![CDATA[Method com.tutorialsninja.qa.testcases.SearchTest.AimtoSkip() on instance com.tutorialsninja.qa.testcases.SearchTest@13c9d689 depends on not successfully finished methods 
[com.tutorialsninja.qa.testcases.SearchTest.AimtoFailTest() on instance com.tutorialsninja.qa.testcases.SearchTest@13c9d689]]]>
            </message>
            <full-stacktrace>
              <![CDATA[java.lang.Throwable: Method com.tutorialsninja.qa.testcases.SearchTest.AimtoSkip() on instance com.tutorialsninja.qa.testcases.SearchTest@13c9d689 depends on not successfully finished methods 
[com.tutorialsninja.qa.testcases.SearchTest.AimtoFailTest() on instance com.tutorialsninja.qa.testcases.SearchTest@13c9d689]
at org.testng.internal.invokers.TestInvoker.invokeTestMethods(TestInvoker.java:159)
at org.testng.internal.invokers.TestMethodWorker.invokeTestMethods(TestMethodWorker.java:154)
at org.testng.internal.invokers.TestMethodWorker.run(TestMethodWorker.java:134)
at java.base/java.util.ArrayList.forEach(ArrayList.java:1596)
at org.testng.TestRunner.privateRun(TestRunner.java:739)
at org.testng.TestRunner.run(TestRunner.java:614)
at org.testng.SuiteRunner.runTest(SuiteRunner.java:421)
at org.testng.SuiteRunner.runSequentially(SuiteRunner.java:413)
at org.testng.SuiteRunner.privateRun(SuiteRunner.java:373)
at org.testng.SuiteRunner.run(SuiteRunner.java:312)
at org.testng.SuiteRunnerWorker.runSuite(SuiteRunnerWorker.java:52)
at org.testng.SuiteRunnerWorker.run(SuiteRunnerWorker.java:95)
at org.testng.TestNG.runSuitesSequentially(TestNG.java:1274)
at org.testng.TestNG.runSuitesLocally(TestNG.java:1208)
at org.testng.TestNG.runSuites(TestNG.java:1112)
at org.testng.TestNG.run(TestNG.java:1079)
at org.testng.remote.AbstractRemoteTestNG.run(AbstractRemoteTestNG.java:115)
at org.testng.remote.RemoteTestNG.initAndRun(RemoteTestNG.java:293)
at org.testng.remote.RemoteTestNG.main(RemoteTestNG.java:91)
]]>
            </full-stacktrace>
          </exception> <!-- java.lang.Throwable -->
          <reporter-output>
          </reporter-output>
        </test-method> <!-- AimtoSkip -->
      </class> <!-- com.tutorialsninja.qa.testcases.SearchTest -->
    </test> <!-- Test -->
  </suite> <!-- Suite -->
</testng-results>
